# JRE version: Java(TM) SE Runtime Environment (13.0.1+9) (build 13.0.1+9)
# Java VM: Java HotSpot(TM) 64-Bit Server VM (13.0.1+9, mixed mode, sharing, tiered, compressed oops, g1 gc, windows-amd64)
Heap:
 garbage-first heap   total 106496K, used 76216K [0x0000000080000000, 0x0000000100000000)
  region size 1024K, 18 young (18432K), 3 survivors (3072K)
 Metaspace       used 42924K, capacity 44380K, committed 44672K, reserved 1087488K
  class space    used 5738K, capacity 6161K, committed 6272K, reserved 1048576K
GC Heap History (20 events):
Event: 2.945 GC heap before
{Heap before GC invocations=2 (full 0):
 garbage-first heap   total 131072K, used 45966K [0x0000000080000000, 0x0000000100000000)
  region size 1024K, 40 young (40960K), 10 survivors (10240K)
 Metaspace       used 13810K, capacity 14317K, committed 14592K, reserved 1060864K
  class space    used 2009K, capacity 2209K, committed 2304K, reserved 1048576K
}
Event: 2.952 GC heap after
{Heap after GC invocations=3 (full 0):
 garbage-first heap   total 131072K, used 16552K [0x0000000080000000, 0x0000000100000000)
  region size 1024K, 2 young (2048K), 2 survivors (2048K)
 Metaspace       used 13810K, capacity 14317K, committed 14592K, reserved 1060864K
  class space    used 2009K, capacity 2209K, committed 2304K, reserved 1048576K
}
Event: 4.225 GC heap before
{Heap before GC invocations=3 (full 0):
 garbage-first heap   total 131072K, used 91304K [0x0000000080000000, 0x0000000100000000)
  region size 1024K, 67 young (68608K), 2 survivors (2048K)
 Metaspace       used 20440K, capacity 21144K, committed 21248K, reserved 1067008K
  class space    used 3018K, capacity 3271K, committed 3328K, reserved 1048576K
}
Event: 4.234 GC heap after
{Heap after GC invocations=4 (full 0):
 garbage-first heap   total 131072K, used 30859K [0x0000000080000000, 0x0000000100000000)
  region size 1024K, 7 young (7168K), 7 survivors (7168K)
 Metaspace       used 20440K, capacity 21144K, committed 21248K, reserved 1067008K
  class space    used 3018K, capacity 3271K, committed 3328K, reserved 1048576K
}
Event: 5.498 GC heap before
{Heap before GC invocations=5 (full 0):
 garbage-first heap   total 106496K, used 89227K [0x0000000080000000, 0x0000000100000000)
  region size 1024K, 62 young (63488K), 7 survivors (7168K)
 Metaspace       used 30263K, capacity 31144K, committed 31488K, reserved 1077248K
  class space    used 4165K, capacity 4495K, committed 4608K, reserved 1048576K
}
Event: 5.508 GC heap after
{Heap after GC invocations=6 (full 0):
 garbage-first heap   total 106496K, used 35296K [0x0000000080000000, 0x0000000100000000)
  region size 1024K, 5 young (5120K), 5 survivors (5120K)
 Metaspace       used 30263K, capacity 31144K, committed 31488K, reserved 1077248K
  class space    used 4165K, capacity 4495K, committed 4608K, reserved 1048576K
}
Event: 6.115 GC heap before
{Heap before GC invocations=6 (full 0):
 garbage-first heap   total 106496K, used 86496K [0x0000000080000000, 0x0000000100000000)
  region size 1024K, 47 young (48128K), 5 survivors (5120K)
 Metaspace       used 33689K, capacity 34678K, committed 34944K, reserved 1079296K
  class space    used 4539K, capacity 4878K, committed 4992K, reserved 1048576K
}
Event: 6.121 GC heap after
{Heap after GC invocations=7 (full 0):
 garbage-first heap   total 106496K, used 46930K [0x0000000080000000, 0x0000000100000000)
  region size 1024K, 5 young (5120K), 5 survivors (5120K)
 Metaspace       used 33689K, capacity 34678K, committed 34944K, reserved 1079296K
  class space    used 4539K, capacity 4878K, committed 4992K, reserved 1048576K
}
Event: 6.398 GC heap before
{Heap before GC invocations=7 (full 0):
 garbage-first heap   total 106496K, used 61266K [0x0000000080000000, 0x0000000100000000)
  region size 1024K, 20 young (20480K), 5 survivors (5120K)
 Metaspace       used 34809K, capacity 35828K, committed 35840K, reserved 1079296K
  class space    used 4726K, capacity 5111K, committed 5120K, reserved 1048576K
}
Event: 6.405 GC heap after
{Heap after GC invocations=8 (full 0):
 garbage-first heap   total 106496K, used 48612K [0x0000000080000000, 0x0000000100000000)
  region size 1024K, 2 young (2048K), 2 survivors (2048K)
 Metaspace       used 34809K, capacity 35828K, committed 35840K, reserved 1079296K
  class space    used 4726K, capacity 5111K, committed 5120K, reserved 1048576K
}
Event: 7.250 GC heap before
{Heap before GC invocations=9 (full 0):
 garbage-first heap   total 106496K, used 81380K [0x0000000080000000, 0x0000000100000000)
  region size 1024K, 34 young (34816K), 2 survivors (2048K)
 Metaspace       used 36825K, capacity 38128K, committed 38272K, reserved 1081344K
  class space    used 5069K, capacity 5473K, committed 5504K, reserved 1048576K
}
Event: 7.257 GC heap after
{Heap after GC invocations=10 (full 0):
 garbage-first heap   total 106496K, used 50072K [0x0000000080000000, 0x0000000100000000)
  region size 1024K, 3 young (3072K), 3 survivors (3072K)
 Metaspace       used 36825K, capacity 38128K, committed 38272K, reserved 1081344K
  class space    used 5069K, capacity 5473K, committed 5504K, reserved 1048576K
}
Event: 7.935 GC heap before
{Heap before GC invocations=10 (full 0):
 garbage-first heap   total 106496K, used 82840K [0x0000000080000000, 0x0000000100000000)
  region size 1024K, 36 young (36864K), 3 survivors (3072K)
 Metaspace       used 38560K, capacity 39858K, committed 40064K, reserved 1083392K
  class space    used 5247K, capacity 5680K, committed 5760K, reserved 1048576K
}
Event: 7.942 GC heap after
{Heap after GC invocations=11 (full 0):
 garbage-first heap   total 106496K, used 52107K [0x0000000080000000, 0x0000000100000000)
  region size 1024K, 4 young (4096K), 4 survivors (4096K)
 Metaspace       used 38560K, capacity 39858K, committed 40064K, reserved 1083392K
  class space    used 5247K, capacity 5680K, committed 5760K, reserved 1048576K
}
Event: 7.966 GC heap before
{Heap before GC invocations=11 (full 0):
 garbage-first heap   total 106496K, used 53131K [0x0000000080000000, 0x0000000100000000)
  region size 1024K, 6 young (6144K), 4 survivors (4096K)
 Metaspace       used 38594K, capacity 39922K, committed 40064K, reserved 1083392K
  class space    used 5252K, capacity 5680K, committed 5760K, reserved 1048576K
}
Event: 7.973 GC heap after
{Heap after GC invocations=12 (full 0):
 garbage-first heap   total 106496K, used 54066K [0x0000000080000000, 0x0000000100000000)
  region size 1024K, 4 young (4096K), 4 survivors (4096K)
 Metaspace       used 38594K, capacity 39922K, committed 40064K, reserved 1083392K
  class space    used 5252K, capacity 5680K, committed 5760K, reserved 1048576K
}
Event: 8.092 GC heap before
{Heap before GC invocations=13 (full 0):
 garbage-first heap   total 106496K, used 57138K [0x0000000080000000, 0x0000000100000000)
  region size 1024K, 8 young (8192K), 4 survivors (4096K)
 Metaspace       used 38597K, capacity 39922K, committed 40064K, reserved 1083392K
  class space    used 5252K, capacity 5680K, committed 5760K, reserved 1048576K
}
Event: 8.096 GC heap after
{Heap after GC invocations=14 (full 0):
 garbage-first heap   total 106496K, used 56789K [0x0000000080000000, 0x0000000100000000)
  region size 1024K, 4 young (4096K), 4 survivors (4096K)
 Metaspace       used 38597K, capacity 39922K, committed 40064K, reserved 1083392K
  class space    used 5252K, capacity 5680K, committed 5760K, reserved 1048576K
}
Event: 8.430 GC heap before
{Heap before GC invocations=15 (full 0):
 garbage-first heap   total 106496K, used 77269K [0x0000000080000000, 0x0000000100000000)
  region size 1024K, 22 young (22528K), 4 survivors (4096K)
 Metaspace       used 40986K, capacity 42337K, committed 42624K, reserved 1085440K
  class space    used 5505K, capacity 5907K, committed 6016K, reserved 1048576K
}
Event: 8.433 GC heap after
{Heap after GC invocations=16 (full 0):
 garbage-first heap   total 106496K, used 61880K [0x0000000080000000, 0x0000000100000000)
  region size 1024K, 3 young (3072K), 3 survivors (3072K)
 Metaspace       used 40986K, capacity 42337K, committed 42624K, reserved 1085440K
  class space    used 5505K, capacity 5907K, committed 6016K, reserved 1048576K
}

