# JRE version: OpenJDK Runtime Environment (11.0.8+10) (build 11.0.8+10-b944.6842174)
# Java VM: OpenJDK 64-Bit Server VM (11.0.8+10-b944.6842174, mixed mode, tiered, compressed oops, g1 gc, windows-amd64)
Heap:
 garbage-first heap   total 189440K, used 66459K [0x0000000080000000, 0x0000000100000000)
  region size 1024K, 4 young (4096K), 4 survivors (4096K)
 Metaspace       used 58218K, capacity 59843K, committed 59940K, reserved 1101824K
  class space    used 7417K, capacity 7933K, committed 7936K, reserved 1048576K
GC Heap History (20 events):
Event: 0.674 GC heap after
{Heap after GC invocations=1 (full 0):
 garbage-first heap   total 131072K, used 7679K [0x0000000080000000, 0x0000000100000000)
  region size 1024K, 2 young (2048K), 2 survivors (2048K)
 Metaspace       used 7411K, capacity 7599K, committed 7680K, reserved 1056768K
  class space    used 681K, capacity 748K, committed 768K, reserved 1048576K
}
Event: 1.164 GC heap before
{Heap before GC invocations=1 (full 0):
 garbage-first heap   total 131072K, used 18943K [0x0000000080000000, 0x0000000100000000)
  region size 1024K, 13 young (13312K), 2 survivors (2048K)
 Metaspace       used 10453K, capacity 10628K, committed 10752K, reserved 1058816K
  class space    used 1100K, capacity 1164K, committed 1280K, reserved 1048576K
}
Event: 1.167 GC heap after
{Heap after GC invocations=2 (full 0):
 garbage-first heap   total 131072K, used 8758K [0x0000000080000000, 0x0000000100000000)
  region size 1024K, 1 young (1024K), 1 survivors (1024K)
 Metaspace       used 10453K, capacity 10628K, committed 10752K, reserved 1058816K
  class space    used 1100K, capacity 1164K, committed 1280K, reserved 1048576K
}
Event: 1.506 GC heap before
{Heap before GC invocations=2 (full 0):
 garbage-first heap   total 131072K, used 36406K [0x0000000080000000, 0x0000000100000000)
  region size 1024K, 29 young (29696K), 1 survivors (1024K)
 Metaspace       used 10625K, capacity 10885K, committed 11008K, reserved 1058816K
  class space    used 1101K, capacity 1164K, committed 1280K, reserved 1048576K
}
Event: 1.509 GC heap after
{Heap after GC invocations=3 (full 0):
 garbage-first heap   total 131072K, used 12969K [0x0000000080000000, 0x0000000100000000)
  region size 1024K, 4 young (4096K), 4 survivors (4096K)
 Metaspace       used 10625K, capacity 10885K, committed 11008K, reserved 1058816K
  class space    used 1101K, capacity 1164K, committed 1280K, reserved 1048576K
}
Event: 2.583 GC heap before
{Heap before GC invocations=3 (full 0):
 garbage-first heap   total 131072K, used 53929K [0x0000000080000000, 0x0000000100000000)
  region size 1024K, 44 young (45056K), 4 survivors (4096K)
 Metaspace       used 18598K, capacity 19032K, committed 19328K, reserved 1067008K
  class space    used 2226K, capacity 2370K, committed 2432K, reserved 1048576K
}
Event: 2.590 GC heap after
{Heap after GC invocations=4 (full 0):
 garbage-first heap   total 131072K, used 16610K [0x0000000080000000, 0x0000000100000000)
  region size 1024K, 4 young (4096K), 4 survivors (4096K)
 Metaspace       used 18598K, capacity 19032K, committed 19328K, reserved 1067008K
  class space    used 2226K, capacity 2370K, committed 2432K, reserved 1048576K
}
Event: 2.881 GC heap before
{Heap before GC invocations=4 (full 0):
 garbage-first heap   total 131072K, used 30946K [0x0000000080000000, 0x0000000100000000)
  region size 1024K, 19 young (19456K), 4 survivors (4096K)
 Metaspace       used 20568K, capacity 21123K, committed 21296K, reserved 1069056K
  class space    used 2512K, capacity 2688K, committed 2688K, reserved 1048576K
}
Event: 2.887 GC heap after
{Heap after GC invocations=5 (full 0):
 garbage-first heap   total 131072K, used 17099K [0x0000000080000000, 0x0000000100000000)
  region size 1024K, 4 young (4096K), 4 survivors (4096K)
 Metaspace       used 20568K, capacity 21123K, committed 21296K, reserved 1069056K
  class space    used 2512K, capacity 2688K, committed 2688K, reserved 1048576K
}
Event: 3.786 GC heap before
{Heap before GC invocations=6 (full 0):
 garbage-first heap   total 131072K, used 80587K [0x0000000080000000, 0x0000000100000000)
  region size 1024K, 57 young (58368K), 4 survivors (4096K)
 Metaspace       used 26138K, capacity 26823K, committed 26928K, reserved 1073152K
  class space    used 3408K, capacity 3645K, committed 3712K, reserved 1048576K
}
Event: 3.792 GC heap after
{Heap after GC invocations=7 (full 0):
 garbage-first heap   total 131072K, used 30385K [0x0000000080000000, 0x0000000100000000)
  region size 1024K, 8 young (8192K), 8 survivors (8192K)
 Metaspace       used 26138K, capacity 26823K, committed 26928K, reserved 1073152K
  class space    used 3408K, capacity 3645K, committed 3712K, reserved 1048576K
}
Event: 4.682 GC heap before
{Heap before GC invocations=7 (full 0):
 garbage-first heap   total 131072K, used 79537K [0x0000000080000000, 0x0000000100000000)
  region size 1024K, 58 young (59392K), 8 survivors (8192K)
 Metaspace       used 34847K, capacity 35622K, committed 35708K, reserved 1081344K
  class space    used 4524K, capacity 4798K, committed 4864K, reserved 1048576K
}
Event: 4.693 GC heap after
{Heap after GC invocations=8 (full 0):
 garbage-first heap   total 157696K, used 33914K [0x0000000080000000, 0x0000000100000000)
  region size 1024K, 9 young (9216K), 9 survivors (9216K)
 Metaspace       used 34847K, capacity 35622K, committed 35708K, reserved 1081344K
  class space    used 4524K, capacity 4798K, committed 4864K, reserved 1048576K
}
Event: 5.678 GC heap before
{Heap before GC invocations=9 (full 0):
 garbage-first heap   total 157696K, used 112762K [0x0000000080000000, 0x0000000100000000)
  region size 1024K, 76 young (77824K), 9 survivors (9216K)
 Metaspace       used 42068K, capacity 43188K, committed 43516K, reserved 1087488K
  class space    used 5311K, capacity 5673K, committed 5760K, reserved 1048576K
}
Event: 5.687 GC heap after
{Heap after GC invocations=10 (full 0):
 garbage-first heap   total 157696K, used 47219K [0x0000000080000000, 0x0000000100000000)
  region size 1024K, 10 young (10240K), 10 survivors (10240K)
 Metaspace       used 42068K, capacity 43188K, committed 43516K, reserved 1087488K
  class space    used 5311K, capacity 5673K, committed 5760K, reserved 1048576K
}
Event: 6.568 GC heap before
{Heap before GC invocations=10 (full 0):
 garbage-first heap   total 157696K, used 116851K [0x0000000080000000, 0x0000000100000000)
  region size 1024K, 78 young (79872K), 10 survivors (10240K)
 Metaspace       used 46647K, capacity 48013K, committed 48380K, reserved 1091584K
  class space    used 5990K, capacity 6403K, committed 6528K, reserved 1048576K
}
Event: 6.579 GC heap after
{Heap after GC invocations=11 (full 0):
 garbage-first heap   total 157696K, used 51950K [0x0000000080000000, 0x0000000100000000)
  region size 1024K, 5 young (5120K), 5 survivors (5120K)
 Metaspace       used 46647K, capacity 48013K, committed 48380K, reserved 1091584K
  class space    used 5990K, capacity 6403K, committed 6528K, reserved 1048576K
}
Event: 7.509 GC heap before
{Heap before GC invocations=11 (full 0):
 garbage-first heap   total 157696K, used 122606K [0x0000000080000000, 0x0000000100000000)
  region size 1024K, 72 young (73728K), 5 survivors (5120K)
 Metaspace       used 52971K, capacity 54494K, committed 54780K, reserved 1097728K
  class space    used 6768K, capacity 7222K, committed 7296K, reserved 1048576K
}
Event: 7.518 GC heap after
{Heap after GC invocations=12 (full 0):
 garbage-first heap   total 157696K, used 62789K [0x0000000080000000, 0x0000000100000000)
  region size 1024K, 9 young (9216K), 9 survivors (9216K)
 Metaspace       used 52971K, capacity 54494K, committed 54780K, reserved 1097728K
  class space    used 6768K, capacity 7222K, committed 7296K, reserved 1048576K
}
Event: 8.040 GC heap before
{Heap before GC invocations=12 (full 0):
 garbage-first heap   total 157696K, used 101701K [0x0000000080000000, 0x0000000100000000)
  region size 1024K, 48 young (49152K), 9 survivors (9216K)
 Metaspace       used 58218K, capacity 59843K, committed 59940K, reserved 1101824K
  class space    used 7417K, capacity 7933K, committed 7936K, reserved 1048576K
}

