# JRE version: OpenJDK Runtime Environment (11.0.8+10) (build 11.0.8+10-b944.6842174)
# Java VM: OpenJDK 64-Bit Server VM (11.0.8+10-b944.6842174, mixed mode, tiered, compressed oops, g1 gc, windows-amd64)
Heap:
 garbage-first heap   total 252928K, used 149016K [0x0000000080000000, 0x0000000100000000)
  region size 1024K, 2 young (2048K), 2 survivors (2048K)
 Metaspace       used 122808K, capacity 126196K, committed 126448K, reserved 1159168K
  class space    used 15589K, capacity 16795K, committed 16844K, reserved 1048576K
GC Heap History (20 events):
Event: 601.372 GC heap after
{Heap after GC invocations=45 (full 0):
 garbage-first heap   total 189440K, used 125844K [0x0000000080000000, 0x0000000100000000)
  region size 1024K, 5 young (5120K), 5 survivors (5120K)
 Metaspace       used 119846K, capacity 123162K, committed 123248K, reserved 1157120K
  class space    used 15245K, capacity 16399K, committed 16460K, reserved 1048576K
}
Event: 601.594 GC heap before
{Heap before GC invocations=45 (full 0):
 garbage-first heap   total 189440K, used 129940K [0x0000000080000000, 0x0000000100000000)
  region size 1024K, 9 young (9216K), 5 survivors (5120K)
 Metaspace       used 120513K, capacity 123815K, committed 124144K, reserved 1157120K
  class space    used 15347K, capacity 16512K, committed 16588K, reserved 1048576K
}
Event: 601.864 GC heap after
{Heap after GC invocations=46 (full 0):
 garbage-first heap   total 189440K, used 118901K [0x0000000080000000, 0x0000000100000000)
  region size 1024K, 1 young (1024K), 1 survivors (1024K)
 Metaspace       used 120513K, capacity 123815K, committed 124144K, reserved 1157120K
  class space    used 15347K, capacity 16512K, committed 16588K, reserved 1048576K
}
Event: 602.050 GC heap before
{Heap before GC invocations=46 (full 0):
 garbage-first heap   total 189440K, used 134261K [0x0000000080000000, 0x0000000100000000)
  region size 1024K, 17 young (17408K), 1 survivors (1024K)
 Metaspace       used 121062K, capacity 124445K, committed 124784K, reserved 1157120K
  class space    used 15424K, capacity 16613K, committed 16716K, reserved 1048576K
}
Event: 602.055 GC heap after
{Heap after GC invocations=47 (full 0):
 garbage-first heap   total 189440K, used 117073K [0x0000000080000000, 0x0000000100000000)
  region size 1024K, 2 young (2048K), 2 survivors (2048K)
 Metaspace       used 121062K, capacity 124445K, committed 124784K, reserved 1157120K
  class space    used 15424K, capacity 16613K, committed 16716K, reserved 1048576K
}
Event: 602.155 GC heap before
{Heap before GC invocations=47 (full 0):
 garbage-first heap   total 189440K, used 150865K [0x0000000080000000, 0x0000000100000000)
  region size 1024K, 34 young (34816K), 2 survivors (2048K)
 Metaspace       used 121127K, capacity 124449K, committed 124784K, reserved 1157120K
  class space    used 15431K, capacity 16614K, committed 16716K, reserved 1048576K
}
Event: 602.167 GC heap after
{Heap after GC invocations=48 (full 0):
 garbage-first heap   total 189440K, used 127034K [0x0000000080000000, 0x0000000100000000)
  region size 1024K, 5 young (5120K), 5 survivors (5120K)
 Metaspace       used 121127K, capacity 124449K, committed 124784K, reserved 1157120K
  class space    used 15431K, capacity 16614K, committed 16716K, reserved 1048576K
}
Event: 602.333 GC heap before
{Heap before GC invocations=48 (full 0):
 garbage-first heap   total 189440K, used 151610K [0x0000000080000000, 0x0000000100000000)
  region size 1024K, 30 young (30720K), 5 survivors (5120K)
 Metaspace       used 121550K, capacity 124909K, committed 125040K, reserved 1157120K
  class space    used 15478K, capacity 16681K, committed 16716K, reserved 1048576K
}
Event: 602.343 GC heap after
{Heap after GC invocations=49 (full 0):
 garbage-first heap   total 189440K, used 133544K [0x0000000080000000, 0x0000000100000000)
  region size 1024K, 4 young (4096K), 4 survivors (4096K)
 Metaspace       used 121550K, capacity 124909K, committed 125040K, reserved 1157120K
  class space    used 15478K, capacity 16681K, committed 16716K, reserved 1048576K
}
Event: 602.472 GC heap before
{Heap before GC invocations=50 (full 0):
 garbage-first heap   total 189440K, used 155048K [0x0000000080000000, 0x0000000100000000)
  region size 1024K, 26 young (26624K), 4 survivors (4096K)
 Metaspace       used 121866K, capacity 125241K, committed 125424K, reserved 1159168K
  class space    used 15518K, capacity 16725K, committed 16844K, reserved 1048576K
}
Event: 602.484 GC heap after
{Heap after GC invocations=51 (full 0):
 garbage-first heap   total 189440K, used 138240K [0x0000000080000000, 0x0000000100000000)
  region size 1024K, 4 young (4096K), 4 survivors (4096K)
 Metaspace       used 121866K, capacity 125241K, committed 125424K, reserved 1159168K
  class space    used 15518K, capacity 16725K, committed 16844K, reserved 1048576K
}
Event: 602.521 GC heap before
{Heap before GC invocations=51 (full 0):
 garbage-first heap   total 189440K, used 143360K [0x0000000080000000, 0x0000000100000000)
  region size 1024K, 9 young (9216K), 4 survivors (4096K)
 Metaspace       used 122076K, capacity 125472K, committed 125680K, reserved 1159168K
  class space    used 15551K, capacity 16759K, committed 16844K, reserved 1048576K
}
Event: 602.533 GC heap after
{Heap after GC invocations=52 (full 0):
 garbage-first heap   total 189440K, used 137441K [0x0000000080000000, 0x0000000100000000)
  region size 1024K, 2 young (2048K), 2 survivors (2048K)
 Metaspace       used 122076K, capacity 125472K, committed 125680K, reserved 1159168K
  class space    used 15551K, capacity 16759K, committed 16844K, reserved 1048576K
}
Event: 602.642 GC heap before
{Heap before GC invocations=52 (full 0):
 garbage-first heap   total 189440K, used 156897K [0x0000000080000000, 0x0000000100000000)
  region size 1024K, 21 young (21504K), 2 survivors (2048K)
 Metaspace       used 122324K, capacity 125679K, committed 125936K, reserved 1159168K
  class space    used 15565K, capacity 16759K, committed 16844K, reserved 1048576K
}
Event: 602.659 GC heap after
{Heap after GC invocations=53 (full 0):
 garbage-first heap   total 189440K, used 140804K [0x0000000080000000, 0x0000000100000000)
  region size 1024K, 3 young (3072K), 3 survivors (3072K)
 Metaspace       used 122324K, capacity 125679K, committed 125936K, reserved 1159168K
  class space    used 15565K, capacity 16759K, committed 16844K, reserved 1048576K
}
Event: 602.766 GC heap before
{Heap before GC invocations=53 (full 0):
 garbage-first heap   total 189440K, used 158212K [0x0000000080000000, 0x0000000100000000)
  region size 1024K, 20 young (20480K), 3 survivors (3072K)
 Metaspace       used 122536K, capacity 125946K, committed 126192K, reserved 1159168K
  class space    used 15575K, capacity 16759K, committed 16844K, reserved 1048576K
}
Event: 602.777 GC heap after
{Heap after GC invocations=54 (full 0):
 garbage-first heap   total 189440K, used 144041K [0x0000000080000000, 0x0000000100000000)
  region size 1024K, 3 young (3072K), 3 survivors (3072K)
 Metaspace       used 122536K, capacity 125946K, committed 126192K, reserved 1159168K
  class space    used 15575K, capacity 16759K, committed 16844K, reserved 1048576K
}
Event: 602.861 GC heap before
{Heap before GC invocations=54 (full 0):
 garbage-first heap   total 189440K, used 160425K [0x0000000080000000, 0x0000000100000000)
  region size 1024K, 19 young (19456K), 3 survivors (3072K)
 Metaspace       used 122601K, capacity 125949K, committed 126192K, reserved 1159168K
  class space    used 15575K, capacity 16759K, committed 16844K, reserved 1048576K
}
Event: 602.881 GC heap after
{Heap after GC invocations=55 (full 0):
 garbage-first heap   total 189440K, used 146873K [0x0000000080000000, 0x0000000100000000)
  region size 1024K, 3 young (3072K), 3 survivors (3072K)
 Metaspace       used 122601K, capacity 125949K, committed 126192K, reserved 1159168K
  class space    used 15575K, capacity 16759K, committed 16844K, reserved 1048576K
}
Event: 603.021 GC heap before
{Heap before GC invocations=56 (full 0):
 garbage-first heap   total 189440K, used 161209K [0x0000000080000000, 0x0000000100000000)
  region size 1024K, 17 young (17408K), 3 survivors (3072K)
 Metaspace       used 122808K, capacity 126196K, committed 126448K, reserved 1159168K
  class space    used 15589K, capacity 16795K, committed 16844K, reserved 1048576K
}

